lerna(verbose) GitUtilities.isInitialized    ()
lerna(verbose) GitUtilities.isInitialized    () => true
lerna(verbose) GitUtilities.getTopLevelDirectory()
lerna(verbose) GitUtilities.getTopLevelDirectory() => "C:/Users/grizet_j/imperial/borderline-create-extension"
lerna(verbose) FileSystemUtilities.existsSync("C:\\Users\\grizet_j\\imperial\\borderline-create-extension\\lerna.json")
lerna(verbose) FileSystemUtilities.existsSync("C:\\Users\\grizet_j\\imperial\\borderline-create-extension\\lerna.json") => true
lerna(verbose) FileSystemUtilities.readFileSync("C:\\Users\\grizet_j\\imperial\\borderline-create-extension\\lerna.json")
lerna(verbose) FileSystemUtilities.readFileSync("C:\\Users\\grizet_j\\imperial\\borderline-create-extension\\lerna.json") => "{\r\n    \"lerna\": \"2.0.0-beta.34\",\r\n    \"version\": \"independent\",\r\n    \"changelog\": {\r\n        \"labels\": {\r\n            \"tag: new feature\": \":rocket: New Feature\",\r\n            \"tag: breaking change\": \":boom: Breaking Change\",\r\n            \"tag: bug fix\": \":bug: Bug Fix\",\r\n            \"tag: enhancement\": \":nail_care: Enhancement\",\r\n            \"tag: documentation\": \":memo: Documentation\",\r\n            \"tag: internal\": \":house: Internal\"\r\n        },\r\n        \"cacheDir\": \".changelog\"\r\n    }\r\n}"
lerna(verbose) FileSystemUtilities.existsSync("C:\\Users\\grizet_j\\imperial\\borderline-create-extension\\package.json")
lerna(verbose) FileSystemUtilities.existsSync("C:\\Users\\grizet_j\\imperial\\borderline-create-extension\\package.json") => true
lerna(verbose) FileSystemUtilities.readFileSync("C:\\Users\\grizet_j\\imperial\\borderline-create-extension\\package.json")
lerna(verbose) FileSystemUtilities.readFileSync("C:\\Users\\grizet_j\\imperial\\borderline-create-extension\\package.json") => "{\r\n    \"private\": true,\r\n    \"scripts\": {\r\n        \"postinstall\": \"lerna bootstrap\",\r\n        \"changelog\": \"lerna-changelog\",\r\n        \"build\": \"node packages/borderline-scripts/scripts/build.js\",\r\n        \"start\": \"node packages/borderline-scripts/scripts/start.js\",\r\n        \"borderline-create-extension\": \"tasks//borderline-create-extension.sh\",\r\n        \"publish\": \"tasks/publish.sh\"\r\n    },\r\n    \"devDependencies\": {\r\n        \"babel-eslint\": \"6.1.2\",\r\n        \"eslint\": \"3.5.0\",\r\n        \"lerna\": \"2.0.0-beta.34\",\r\n        \"lerna-changelog\": \"^0.2.3\"\r\n    }\r\n}"
lerna(info)    Lerna v2.0.0-beta.34
lerna(info)    Independent Versioning Mode
lerna(verbose) FileSystemUtilities.existsSync("C:\\Users\\grizet_j\\imperial\\borderline-create-extension\\package.json")
lerna(verbose) FileSystemUtilities.existsSync("C:\\Users\\grizet_j\\imperial\\borderline-create-extension\\package.json") => true
lerna(verbose) FileSystemUtilities.existsSync("C:\\Users\\grizet_j\\imperial\\borderline-create-extension\\lerna.json")
lerna(verbose) FileSystemUtilities.existsSync("C:\\Users\\grizet_j\\imperial\\borderline-create-extension\\lerna.json") => true
lerna(verbose) FileSystemUtilities.existsSync("C:\\Users\\grizet_j\\imperial\\borderline-create-extension\\VERSION")
lerna(verbose) FileSystemUtilities.existsSync("C:\\Users\\grizet_j\\imperial\\borderline-create-extension\\VERSION") => false
lerna(verbose) FileSystemUtilities.existsSync("C:\\Users\\grizet_j\\imperial\\borderline-create-extension\\packages\\borderline-create-extension\\...)
lerna(verbose) FileSystemUtilities.existsSync("C:\\Users\\grizet_j\\imperial\\borderline-create-extension\\packages\\borderline-create-extension\\...) => true
lerna(verbose) FileSystemUtilities.existsSync("C:\\Users\\grizet_j\\imperial\\borderline-create-extension\\packages\\borderline-dev-utils\\package...)
lerna(verbose) FileSystemUtilities.existsSync("C:\\Users\\grizet_j\\imperial\\borderline-create-extension\\packages\\borderline-dev-utils\\package...) => true
lerna(verbose) FileSystemUtilities.existsSync("C:\\Users\\grizet_j\\imperial\\borderline-create-extension\\packages\\borderline-scripts\\package.j...)
lerna(verbose) FileSystemUtilities.existsSync("C:\\Users\\grizet_j\\imperial\\borderline-create-extension\\packages\\borderline-scripts\\package.j...) => true
lerna(verbose) Attempting running BootstrapCommand.initialize
lerna(verbose) Successfully ran BootstrapCommand.initialize
lerna(verbose) Attempting running BootstrapCommand.execute
lerna(info)    Bootstrapping 3 packages
lerna(info)    Preinstalling packages
lerna(info)    Installing external dependencies
lerna(verbose) NpmUtilities.installInDir     ("C:\\Users\\grizet_j\\imperial\\borderline-create-extension\\packages\\borderline-create-extension",...)
lerna(verbose) NpmUtilities.installInDir     ("C:\\Users\\grizet_j\\imperial\\borderline-create-extension\\packages\\borderline-scripts", ["autopr...)
lerna(error)   NpmUtilities.installInDir     ("C:\\Users\\grizet_j\\imperial\\borderline-create-extension\\packages\\borderline-scripts", ["autopr...)
    npm ERR! Windows_NT 10.0.14393
    npm ERR! argv "C:\\Program Files\\nodejs\\node.exe" "C:\\Program Files\\nodejs\\node_modules\\npm\\bin\\npm-cli.js" "install" "autoprefixer@6.5.1" "babel-core@6.17.0" "babel-eslint@7.1.1" "babel-jest@18.0.0" "babel-loader@6.2.10" "babel-runtime@^6.20.0" "babel-preset-react-app@^2.0.1" "borderline-dev-utils@^0.0.1" "case-sensitive-paths-webpack-plugin@1.1.4" "chalk@1.1.3" "connect-history-api-fallback@1.3.0" "cross-spawn@4.0.2" "css-loader@0.26.0" "detect-port@1.0.1" "dotenv@2.0.0" "eslint@3.8.1" "eslint-loader@1.6.0" "eslint-plugin-flowtype@2.21.0" "eslint-plugin-import@2.0.1" "eslint-plugin-jsx-a11y@2.2.3" "eslint-plugin-react@6.4.1" "extract-text-webpack-plugin@1.0.1" "file-loader@0.9.0" "filesize@3.3.0" "fs-extra@0.30.0" "gzip-size@3.0.0" "html-webpack-plugin@2.24.0" "http-proxy-middleware@0.17.2" "jest@18.1.0" "json-loader@0.5.4" "object-assign@4.1.0" "postcss-loader@1.0.0" "promise@7.1.1" "recursive-readdir@2.1.0" "strip-ansi@3.0.1" "style-loader@0.13.1" "url-loader@0.5.7" "webpack@1.14.0" "webpack-dev-server@1.16.2" "webpack-manifest-plugin@1.1.0" "whatwg-fetch@1.0.0"
    npm ERR! node v7.4.0
    npm ERR! npm  v4.0.5
    npm ERR! code E404
    
    npm ERR! 404 Registry returned 404 for GET on https://registry.npmjs.org/borderline-dev-utils
    npm ERR! 404 
    npm ERR! 404  'borderline-dev-utils' is not in the npm registry.
    npm ERR! 404 You should bug the author to publish it (or use the name yourself!)
    npm ERR! 404 
    npm ERR! 404 Note that you can also install from a
    npm ERR! 404 tarball, folder, http url, or git url.
    
    npm ERR! Please include the following file with any support request:
    npm ERR!     C:\Users\grizet_j\imperial\borderline-create-extension\packages\borderline-scripts\npm-debug.log
    
lerna(error)   Errored while running BootstrapCommand.execute
